This is pdfTeX, Version 3.14159265-2.6-1.40.20 (TeX Live 2019/Debian) (preloaded format=pdflatex 2021.5.27)  16 OCT 2021 14:20
entering extended mode
 restricted \write18 enabled.
 file:line:error style messages enabled.
 %&-line parsing enabled.
**"/mnt/d/Universität/4. Semester/SeminarC/Code/Hausarbeit/Hausarbeit.tex"
(/mnt/d/Universität/4. Semester/SeminarC/Code/Hausarbeit/Hausarbeit.tex
LaTeX2e <2020-02-02> patch level 2
L3 programming layer <2020-02-14> (/usr/share/texlive/texmf-dist/tex/latex/base/article.cls
Document Class: article 2019/12/20 v1.4l Standard LaTeX document class
(/usr/share/texlive/texmf-dist/tex/latex/base/size11.clo
File: size11.clo 2019/12/20 v1.4l Standard LaTeX file (size option)
)
\c@part=\count167
\c@section=\count168
\c@subsection=\count169
\c@subsubsection=\count170
\c@paragraph=\count171
\c@subparagraph=\count172
\c@figure=\count173
\c@table=\count174
\abovecaptionskip=\skip47
\belowcaptionskip=\skip48
\bibindent=\dimen134
) (/usr/share/texlive/texmf-dist/tex/latex/base/inputenc.sty
Package: inputenc 2018/08/11 v1.3c Input encoding file
\inpenc@prehook=\toks14
\inpenc@posthook=\toks15
) (/usr/share/texlive/texmf-dist/tex/latex/amsmath/amsmath.sty
Package: amsmath 2020/01/20 v2.17e AMS math features
\@mathmargin=\skip49

For additional information on amsmath, use the `?' option.
(/usr/share/texlive/texmf-dist/tex/latex/amsmath/amstext.sty
Package: amstext 2000/06/29 v2.01 AMS text
 (/usr/share/texlive/texmf-dist/tex/latex/amsmath/amsgen.sty
File: amsgen.sty 1999/11/30 v2.0 generic functions
\@emptytoks=\toks16
\ex@=\dimen135
)) (/usr/share/texlive/texmf-dist/tex/latex/amsmath/amsbsy.sty
Package: amsbsy 1999/11/29 v1.2d Bold Symbols
\pmbraise@=\dimen136
) (/usr/share/texlive/texmf-dist/tex/latex/amsmath/amsopn.sty
Package: amsopn 2016/03/08 v2.02 operator names
)
\inf@bad=\count175
LaTeX Info: Redefining \frac on input line 227.
\uproot@=\count176
\leftroot@=\count177
LaTeX Info: Redefining \overline on input line 389.
\classnum@=\count178
\DOTSCASE@=\count179
LaTeX Info: Redefining \ldots on input line 486.
LaTeX Info: Redefining \dots on input line 489.
LaTeX Info: Redefining \cdots on input line 610.
\Mathstrutbox@=\box45
\strutbox@=\box46
\big@size=\dimen137
LaTeX Font Info:    Redeclaring font encoding OML on input line 733.
LaTeX Font Info:    Redeclaring font encoding OMS on input line 734.
\macc@depth=\count180
\c@MaxMatrixCols=\count181
\dotsspace@=\muskip16
\c@parentequation=\count182
\dspbrk@lvl=\count183
\tag@help=\toks17
\row@=\count184
\column@=\count185
\maxfields@=\count186
\andhelp@=\toks18
\eqnshift@=\dimen138
\alignsep@=\dimen139
\tagshift@=\dimen140
\tagwidth@=\dimen141
\totwidth@=\dimen142
\lineht@=\dimen143
\@envbody=\toks19
\multlinegap=\skip50
\multlinetaggap=\skip51
\mathdisplay@stack=\toks20
LaTeX Info: Redefining \[ on input line 2859.
LaTeX Info: Redefining \] on input line 2860.
) (/usr/share/texlive/texmf-dist/tex/latex/amsfonts/amsfonts.sty
Package: amsfonts 2013/01/14 v3.01 Basic AMSFonts support
\symAMSa=\mathgroup4
\symAMSb=\mathgroup5
LaTeX Font Info:    Redeclaring math symbol \hbar on input line 98.
LaTeX Font Info:    Overwriting math alphabet `\mathfrak' in version `bold'
(Font)                  U/euf/m/n --> U/euf/b/n on input line 106.
) (/usr/share/texlive/texmf-dist/tex/latex/amsfonts/amssymb.sty
Package: amssymb 2013/01/14 v3.01 AMS font symbols
) (/usr/share/texlive/texmf-dist/tex/latex/listings/listings.sty (/usr/share/texlive/texmf-dist/tex/latex/graphics/keyval.sty
Package: keyval 2014/10/28 v1.15 key=value parser (DPC)
\KV@toks@=\toks21
)
\lst@mode=\count187
\lst@gtempboxa=\box47
\lst@token=\toks22
\lst@length=\count188
\lst@currlwidth=\dimen144
\lst@column=\count189
\lst@pos=\count190
\lst@lostspace=\dimen145
\lst@width=\dimen146
\lst@newlines=\count191
\lst@lineno=\count192
\lst@maxwidth=\dimen147
 (/usr/share/texlive/texmf-dist/tex/latex/listings/lstmisc.sty
File: lstmisc.sty 2019/09/10 1.8c (Carsten Heinz)
\c@lstnumber=\count193
\lst@skipnumbers=\count194
\lst@framebox=\box48
) (/usr/share/texlive/texmf-dist/tex/latex/listings/listings.cfg
File: listings.cfg 2019/09/10 1.8c listings configuration
))
Package: listings 2019/09/10 1.8c (Carsten Heinz)
 (/usr/share/texlive/texmf-dist/tex/latex/graphics/graphicx.sty
Package: graphicx 2019/11/30 v1.2a Enhanced LaTeX Graphics (DPC,SPQR)
 (/usr/share/texlive/texmf-dist/tex/latex/graphics/graphics.sty
Package: graphics 2019/11/30 v1.4a Standard LaTeX Graphics (DPC,SPQR)
 (/usr/share/texlive/texmf-dist/tex/latex/graphics/trig.sty
Package: trig 2016/01/03 v1.10 sin cos tan (DPC)
) (/usr/share/texlive/texmf-dist/tex/latex/graphics-cfg/graphics.cfg
File: graphics.cfg 2016/06/04 v1.11 sample graphics configuration
)
Package graphics Info: Driver file: pdftex.def on input line 105.
 (/usr/share/texlive/texmf-dist/tex/latex/graphics-def/pdftex.def
File: pdftex.def 2018/01/08 v1.0l Graphics/color driver for pdftex
))
\Gin@req@height=\dimen148
\Gin@req@width=\dimen149
) (/usr/share/texlive/texmf-dist/tex/latex/algorithms/algorithm.sty
Package: algorithm 2009/08/24 v0.1 Document Style `algorithm' - floating environment
 (/usr/share/texlive/texmf-dist/tex/latex/float/float.sty
Package: float 2001/11/08 v1.3d Float enhancements (AL)
\c@float@type=\count195
\float@exts=\toks23
\float@box=\box49
\@float@everytoks=\toks24
\@floatcapt=\box50
) (/usr/share/texlive/texmf-dist/tex/latex/base/ifthen.sty
Package: ifthen 2014/09/29 v1.1c Standard LaTeX ifthen package (DPC)
)
\@float@every@algorithm=\toks25
\c@algorithm=\count196
) (/usr/share/texlive/texmf-dist/tex/latex/algorithmicx/algpseudocode.sty
Package: algpseudocode 
 (/usr/share/texlive/texmf-dist/tex/latex/algorithmicx/algorithmicx.sty
Package: algorithmicx 2005/04/27 v1.2 Algorithmicx

Document Style algorithmicx 1.2 - a greatly improved `algorithmic' style
\c@ALG@line=\count197
\c@ALG@rem=\count198
\c@ALG@nested=\count199
\ALG@tlm=\skip52
\ALG@thistlm=\skip53
\c@ALG@Lnr=\count266
\c@ALG@blocknr=\count267
\c@ALG@storecount=\count268
\c@ALG@tmpcounter=\count269
\ALG@tmplength=\skip54
)
Document Style - pseudocode environments for use with the `algorithmicx' style
) (/usr/share/texlive/texmf-dist/tex/latex/xcolor/xcolor.sty
Package: xcolor 2016/05/11 v2.12 LaTeX color extensions (UK)
 (/usr/share/texlive/texmf-dist/tex/latex/graphics-cfg/color.cfg
File: color.cfg 2016/01/02 v1.6 sample color configuration
)
Package xcolor Info: Driver file: pdftex.def on input line 225.
Package xcolor Info: Model `cmy' substituted by `cmy0' on input line 1348.
Package xcolor Info: Model `hsb' substituted by `rgb' on input line 1352.
Package xcolor Info: Model `RGB' extended on input line 1364.
Package xcolor Info: Model `HTML' substituted by `rgb' on input line 1366.
Package xcolor Info: Model `Hsb' substituted by `hsb' on input line 1367.
Package xcolor Info: Model `tHsb' substituted by `hsb' on input line 1368.
Package xcolor Info: Model `HSB' substituted by `hsb' on input line 1369.
Package xcolor Info: Model `Gray' substituted by `gray' on input line 1370.
Package xcolor Info: Model `wave' substituted by `hsb' on input line 1371.
) (/usr/share/texlive/texmf-dist/tex/latex/l3backend/l3backend-pdfmode.def
File: l3backend-pdfmode.def 2020-02-03 L3 backend support: PDF mode
\l__kernel_color_stack_int=\count270
\l__pdf_internal_box=\box51
) (/mnt/d/Universität/4. Semester/SeminarC/Code/Hausarbeit/Hausarbeit.aux)
\openout1 = `Hausarbeit.aux'.

LaTeX Font Info:    Checking defaults for OML/cmm/m/it on input line 49.
LaTeX Font Info:    ... okay on input line 49.
LaTeX Font Info:    Checking defaults for OMS/cmsy/m/n on input line 49.
LaTeX Font Info:    ... okay on input line 49.
LaTeX Font Info:    Checking defaults for OT1/cmr/m/n on input line 49.
LaTeX Font Info:    ... okay on input line 49.
LaTeX Font Info:    Checking defaults for T1/cmr/m/n on input line 49.
LaTeX Font Info:    ... okay on input line 49.
LaTeX Font Info:    Checking defaults for TS1/cmr/m/n on input line 49.
LaTeX Font Info:    ... okay on input line 49.
LaTeX Font Info:    Checking defaults for OMX/cmex/m/n on input line 49.
LaTeX Font Info:    ... okay on input line 49.
LaTeX Font Info:    Checking defaults for U/cmr/m/n on input line 49.
LaTeX Font Info:    ... okay on input line 49.
\c@lstlisting=\count271
 (/usr/share/texlive/texmf-dist/tex/context/base/mkii/supp-pdf.mkii
[Loading MPS to PDF converter (version 2006.09.02).]
\scratchcounter=\count272
\scratchdimen=\dimen150
\scratchbox=\box52
\nofMPsegments=\count273
\nofMParguments=\count274
\everyMPshowfont=\toks26
\MPscratchCnt=\count275
\MPscratchDim=\dimen151
\MPnumerator=\count276
\makeMPintoPDFobject=\count277
\everyMPtoPDFconversion=\toks27
) (/usr/share/texlive/texmf-dist/tex/latex/epstopdf-pkg/epstopdf-base.sty
Package: epstopdf-base 2020-01-24 v2.11 Base part for package epstopdf
Package epstopdf-base Info: Redefining graphics rule for `.eps' on input line 485.
 (/usr/share/texlive/texmf-dist/tex/latex/latexconfig/epstopdf-sys.cfg
File: epstopdf-sys.cfg 2010/07/13 v1.3 Configuration of (r)epstopdf for TeX Live
))
LaTeX Font Info:    Trying to load font information for U+msa on input line 50.
 (/usr/share/texlive/texmf-dist/tex/latex/amsfonts/umsa.fd
File: umsa.fd 2013/01/14 v3.01 AMS symbols A
)
LaTeX Font Info:    Trying to load font information for U+msb on input line 50.
 (/usr/share/texlive/texmf-dist/tex/latex/amsfonts/umsb.fd
File: umsb.fd 2013/01/14 v3.01 AMS symbols B
)
Underfull \hbox (badness 10000) in paragraph at lines 52--73

 []


Overfull \hbox (4.02708pt too wide) in paragraph at lines 77--103
\OT1/cmr/m/n/10.95 tiven Spe-ich-ers ist als Kopm-romiss zwis-chen Zu-griff-szeit und Spe-ich-er-nutzung
 []


Underfull \hbox (badness 10000) in paragraph at lines 77--103

 []

[1

{/var/lib/texmf/fonts/map/pdftex/updmap/pdftex.map}] [2]
Overfull \hbox (4.90915pt too wide) in paragraph at lines 106--122
\OT1/cmr/m/n/10.95 Vorallem die er-ste Eigen-schaft, die Ein-deutigkeit, hat eine beson-ders n^^?utzliche
 []


Underfull \hbox (badness 10000) in paragraph at lines 122--131

 []

[3]
<Bilder/Hashmap_example_basic.PNG, id=17, 208.52907pt x 258.9675pt>
File: Bilder/Hashmap_example_basic.PNG Graphic file (type png)
<use Bilder/Hashmap_example_basic.PNG>
Package pdftex.def Info: Bilder/Hashmap_example_basic.PNG  used on input line 134.
(pdftex.def)             Requested size: 104.26427pt x 129.48341pt.

Overfull \hbox (10.00902pt too wide) in paragraph at lines 144--159
\OT1/cmr/m/n/10.95 bei der Ver-wen-dung von Hash-funk-tio-nen ange-sprochen. Neben der M^^?oglichkeit
 []


Overfull \hbox (5.15244pt too wide) in paragraph at lines 144--159
\OT1/cmr/m/n/10.95 eine Funk-tion zu im-ple-men-tieren, welche sehr wenige solcher dop-pel-ter Hashes
 []


Underfull \hbox (badness 10000) in paragraph at lines 144--159

 []


Underfull \hbox (badness 10000) in paragraph at lines 144--159

 []

[4 </mnt/d/Universität/4. Semester/SeminarC/Code/Hausarbeit/Bilder/Hashmap_example_basic.PNG>]
<Bilder/Hashmap_example_open.PNG, id=25, 310.91156pt x 269.50688pt>
File: Bilder/Hashmap_example_open.PNG Graphic file (type png)
<use Bilder/Hashmap_example_open.PNG>
Package pdftex.def Info: Bilder/Hashmap_example_open.PNG  used on input line 163.
(pdftex.def)             Requested size: 155.45538pt x 134.7531pt.
 [5 </mnt/d/Universität/4. Semester/SeminarC/Code/Hausarbeit/Bilder/Hashmap_example_open.PNG>] [6]
<Bilder/Hashmap_example_linked.PNG, id=33, 498.36188pt x 350.05782pt>
File: Bilder/Hashmap_example_linked.PNG Graphic file (type png)
<use Bilder/Hashmap_example_linked.PNG>
Package pdftex.def Info: Bilder/Hashmap_example_linked.PNG  used on input line 191.
(pdftex.def)             Requested size: 249.18033pt x 175.02847pt.

Underfull \hbox (badness 10000) in paragraph at lines 195--197

 []


Overfull \hbox (2.8712pt too wide) in paragraph at lines 200--210
\OT1/cmr/m/n/10.95 Im wesentlichen l^^?asst sich die Im-ple-men-tierung in fol-gen-dem UML-Diagramm
 []


Underfull \hbox (badness 10000) in paragraph at lines 200--210

 []

<Bilder/UML.PNG, id=34, 548.0475pt x 191.21437pt>
File: Bilder/UML.PNG Graphic file (type png)
<use Bilder/UML.PNG>
Package pdftex.def Info: Bilder/UML.PNG  used on input line 213.
(pdftex.def)             Requested size: 274.02307pt x 95.60695pt.

Underfull \hbox (badness 10000) in paragraph at lines 218--222

 []

[7 </mnt/d/Universität/4. Semester/SeminarC/Code/Hausarbeit/Bilder/Hashmap_example_linked.PNG>]
Underfull \hbox (badness 10000) in paragraph at lines 225--231

 []

(/usr/share/texlive/texmf-dist/tex/latex/listings/lstlang1.sty
File: lstlang1.sty 2019/09/10 1.8c listings language file
) (/usr/share/texlive/texmf-dist/tex/latex/listings/lstmisc.sty
File: lstmisc.sty 2019/09/10 1.8c (Carsten Heinz)
)
Underfull \hbox (badness 10000) in paragraph at lines 242--247

 []

[8 </mnt/d/Universität/4. Semester/SeminarC/Code/Hausarbeit/Bilder/UML.PNG>]
Underfull \hbox (badness 10000) in paragraph at lines 258--261

 []


Underfull \hbox (badness 10000) in paragraph at lines 270--274

 []


Underfull \hbox (badness 10000) in paragraph at lines 280--283

 []

[9]
Underfull \hbox (badness 10000) in paragraph at lines 314--319

 []

[10]
Underfull \hbox (badness 10000) in paragraph at lines 331--341

 []


Underfull \hbox (badness 10000) in paragraph at lines 371--375

 []

[11]
Underfull \hbox (badness 10000) in paragraph at lines 384--392

 []


Overfull \hbox (0.80292pt too wide) in paragraph at lines 405--414
\OT1/cmr/m/n/10.95 Zuerst m^^?ussen zwei Puffer-ar-ray re-serviert wer-den, in-dem alle in der Hashmap
 []


Overfull \hbox (9.55272pt too wide) in paragraph at lines 405--414
\OT1/cmr/m/n/10.95 befind-lichen Daten zwis-chenge-spe-ichert wer-den k^^?onnen. Eines f^^?ur die Schl^^?ussel
 []

[12]
Underfull \hbox (badness 10000) in paragraph at lines 417--419

 []

[13]
<Bilder/100e.PNG, id=63, 337.26pt x 66.2475pt>
File: Bilder/100e.PNG Graphic file (type png)
<use Bilder/100e.PNG>
Package pdftex.def Info: Bilder/100e.PNG  used on input line 473.
(pdftex.def)             Requested size: 168.62958pt x 33.12366pt.
<Bilder/1000e.PNG, id=64, 353.06906pt x 66.2475pt>
File: Bilder/1000e.PNG Graphic file (type png)
<use Bilder/1000e.PNG>
Package pdftex.def Info: Bilder/1000e.PNG  used on input line 480.
(pdftex.def)             Requested size: 176.53409pt x 33.12366pt.
<Bilder/10000e.PNG, id=65, 349.305pt x 65.49469pt>
File: Bilder/10000e.PNG Graphic file (type png)
<use Bilder/10000e.PNG>
Package pdftex.def Info: Bilder/10000e.PNG  used on input line 486.
(pdftex.def)             Requested size: 174.65207pt x 32.74725pt.
<Bilder/hashfunctions_diag.png, id=66, 641.39626pt x 354.32375pt>
File: Bilder/hashfunctions_diag.png Graphic file (type png)
<use Bilder/hashfunctions_diag.png>
Package pdftex.def Info: Bilder/hashfunctions_diag.png  used on input line 496.
(pdftex.def)             Requested size: 320.69734pt x 177.16144pt.

Underfull \hbox (badness 10000) in paragraph at lines 466--499
 
 []


LaTeX Warning: `h' float specifier changed to `ht'.

[14 </mnt/d/Universität/4. Semester/SeminarC/Code/Hausarbeit/Bilder/100e.PNG> </mnt/d/Universität/4. Semester/SeminarC/Code/Hausarbeit/Bilder/1000e.PNG>]
Underfull \hbox (badness 10000) in paragraph at lines 502--515

 []


Overfull \hbox (9.47177pt too wide) in paragraph at lines 502--515
\OT1/cmr/m/n/10.95 Abseits dessen funk-tion-iert die Hashmap-bib-lio-thek ohne Prob-leme und k^^?onnte,
 []

[15 </mnt/d/Universität/4. Semester/SeminarC/Code/Hausarbeit/Bilder/10000e.PNG> </mnt/d/Universität/4. Semester/SeminarC/Code/Hausarbeit/Bilder/hashfunctions_diag.png (PNG copy)>]
Overfull \hbox (20.59547pt too wide) in paragraph at lines 519--520
[]\OT1/cmr/m/n/10.95 ] $\OML/cmm/m/it/10.95 https \OT1/cmr/m/n/10.95 : \OML/cmm/m/it/10.95 ==www:ionos:de=digitalguide=server=sicherheit=hashfunktion=$ 
 []

[16] (/mnt/d/Universität/4. Semester/SeminarC/Code/Hausarbeit/Hausarbeit.aux) ) 
Here is how much of TeX's memory you used:
 5238 strings out of 481239
 69278 string characters out of 5920377
 591065 words of memory out of 5000000
 20447 multiletter control sequences out of 15000+600000
 542685 words of font info for 64 fonts, out of 8000000 for 9000
 1141 hyphenation exceptions out of 8191
 30i,8n,53p,361b,1664s stack positions out of 5000i,500n,10000p,200000b,80000s
</usr/share/texlive/texmf-dist/fonts/type1/public/amsfonts/cm/cmbx10.pfb></usr/share/texlive/texmf-dist/fonts/type1/public/amsfonts/cm/cmbx12.pfb></usr/share/texlive/texmf-dist/fonts/type1/public/amsfonts/cm/cmmi10.pfb></usr/share/texlive/texmf-dist/fonts/type1/public/amsfonts/cm/cmmi8.pfb></usr/share/texlive/texmf-dist/fonts/type1/public/amsfonts/cm/cmr10.pfb></usr/share/texlive/texmf-dist/fonts/type1/public/amsfonts/cm/cmr12.pfb></usr/share/texlive/texmf-dist/fonts/type1/public/amsfonts/cm/cmr17.pfb></usr/share/texlive/texmf-dist/fonts/type1/public/amsfonts/cm/cmr6.pfb></usr/share/texlive/texmf-dist/fonts/type1/public/amsfonts/cm/cmr8.pfb></usr/share/texlive/texmf-dist/fonts/type1/public/amsfonts/cm/cmsy10.pfb></usr/share/texlive/texmf-dist/fonts/type1/public/amsfonts/cm/cmti10.pfb></usr/share/texlive/texmf-dist/fonts/type1/public/amsfonts/cm/cmtt9.pfb>
Output written on "/mnt/d/Universität/4. Semester/SeminarC/Code/Hausarbeit/Hausarbeit.pdf" (16 pages, 296683 bytes).
PDF statistics:
 120 PDF objects out of 1000 (max. 8388607)
 74 compressed objects within 1 object stream
 0 named destinations out of 1000 (max. 500000)
 41 words of extra memory for PDF output out of 10000 (max. 10000000)

